mode: count
github.com/mfridman/tparse/parse/event.go:42.44,44.49 2 3141
github.com/mfridman/tparse/parse/event.go:48.2,48.16 1 3035
github.com/mfridman/tparse/parse/event.go:44.49,46.3 1 107
github.com/mfridman/tparse/parse/event.go:60.32,67.19 2 2896
github.com/mfridman/tparse/parse/event.go:73.2,73.49 1 2163
github.com/mfridman/tparse/parse/event.go:67.19,68.40 1 7354
github.com/mfridman/tparse/parse/event.go:68.40,70.4 1 748
github.com/mfridman/tparse/parse/event.go:91.33,93.2 1 2920
github.com/mfridman/tparse/parse/event.go:97.36,99.2 1 2915
github.com/mfridman/tparse/parse/event.go:103.37,105.2 1 2915
github.com/mfridman/tparse/parse/event.go:110.36,112.2 1 2915
github.com/mfridman/tparse/parse/event.go:117.33,119.2 1 2917
github.com/mfridman/tparse/parse/event.go:124.41,130.95 4 2906
github.com/mfridman/tparse/parse/event.go:140.2,140.17 1 2892
github.com/mfridman/tparse/parse/event.go:130.95,133.17 3 6
github.com/mfridman/tparse/parse/event.go:137.3,137.17 1 5
github.com/mfridman/tparse/parse/event.go:133.17,135.4 1 1
github.com/mfridman/tparse/parse/event.go:144.32,148.2 1 3003
github.com/mfridman/tparse/parse/event.go:165.33,167.2 1 1
github.com/mfridman/tparse/parse/event.go:171.36,173.11 2 0
github.com/mfridman/tparse/parse/event.go:174.18,175.35 1 0
github.com/mfridman/tparse/parse/event.go:176.18,177.36 1 0
github.com/mfridman/tparse/parse/event.go:178.18,179.33 1 0
github.com/mfridman/tparse/parse/event.go:180.10,181.11 1 0
github.com/mfridman/tparse/parse/event.go:192.57,193.14 1 0
github.com/mfridman/tparse/parse/event.go:196.2,196.53 1 0
github.com/mfridman/tparse/parse/event.go:193.14,195.3 1 0
github.com/mfridman/tparse/parse/package.go:35.28,40.2 1 26
github.com/mfridman/tparse/parse/package.go:43.42,44.28 1 2122
github.com/mfridman/tparse/parse/package.go:51.2,57.30 3 658
github.com/mfridman/tparse/parse/package.go:44.28,45.27 1 87402
github.com/mfridman/tparse/parse/package.go:45.27,48.4 2 1468
github.com/mfridman/tparse/parse/package.go:64.56,67.28 2 31
github.com/mfridman/tparse/parse/package.go:73.2,73.14 1 31
github.com/mfridman/tparse/parse/package.go:67.28,68.27 1 1642
github.com/mfridman/tparse/parse/package.go:68.27,70.4 1 550
github.com/mfridman/tparse/parse/packages.go:19.63,38.27 7 0
github.com/mfridman/tparse/parse/packages.go:110.2,110.43 1 0
github.com/mfridman/tparse/parse/packages.go:114.2,114.21 1 0
github.com/mfridman/tparse/parse/packages.go:125.2,125.14 1 0
github.com/mfridman/tparse/parse/packages.go:38.27,41.17 2 0
github.com/mfridman/tparse/parse/packages.go:47.3,47.19 1 0
github.com/mfridman/tparse/parse/packages.go:54.3,54.22 1 0
github.com/mfridman/tparse/parse/packages.go:61.3,61.18 1 0
github.com/mfridman/tparse/parse/packages.go:87.3,88.29 2 0
github.com/mfridman/tparse/parse/packages.go:99.3,107.5 1 0
github.com/mfridman/tparse/parse/packages.go:41.17,43.4 1 0
github.com/mfridman/tparse/parse/packages.go:43.9,45.4 1 0
github.com/mfridman/tparse/parse/packages.go:47.19,51.12 2 0
github.com/mfridman/tparse/parse/packages.go:54.22,58.12 2 0
github.com/mfridman/tparse/parse/packages.go:61.18,62.32 1 0
github.com/mfridman/tparse/parse/packages.go:62.32,65.39 2 0
github.com/mfridman/tparse/parse/packages.go:69.5,74.67 3 0
github.com/mfridman/tparse/parse/packages.go:65.39,68.6 2 0
github.com/mfridman/tparse/parse/packages.go:74.67,75.14 1 0
github.com/mfridman/tparse/parse/packages.go:78.10,83.13 2 0
github.com/mfridman/tparse/parse/packages.go:89.17,90.9 1 0
github.com/mfridman/tparse/parse/packages.go:91.18,92.45 1 0
github.com/mfridman/tparse/parse/packages.go:93.51,94.48 1 0
github.com/mfridman/tparse/parse/packages.go:95.29,96.47 1 0
github.com/mfridman/tparse/parse/packages.go:110.43,112.3 1 0
github.com/mfridman/tparse/parse/packages.go:114.21,116.18 2 0
github.com/mfridman/tparse/parse/packages.go:116.18,120.4 1 0
github.com/mfridman/tparse/parse/packages.go:121.8,123.3 1 0
github.com/mfridman/tparse/parse/packages.go:128.44,130.24 1 0
github.com/mfridman/tparse/parse/packages.go:130.24,132.19 1 0
github.com/mfridman/tparse/parse/packages.go:138.3,139.23 2 0
github.com/mfridman/tparse/parse/packages.go:143.3,149.28 5 0
github.com/mfridman/tparse/parse/packages.go:132.19,135.12 2 0
github.com/mfridman/tparse/parse/packages.go:139.23,140.12 1 0
github.com/mfridman/tparse/parse/packages.go:149.28,153.25 3 0
github.com/mfridman/tparse/parse/packages.go:153.25,155.5 1 0
github.com/mfridman/tparse/parse/packages.go:160.44,166.36 5 0
github.com/mfridman/tparse/parse/packages.go:166.36,168.3 1 0
github.com/mfridman/tparse/parse/packages.go:171.66,187.24 5 0
github.com/mfridman/tparse/parse/packages.go:241.2,241.24 1 0
github.com/mfridman/tparse/parse/packages.go:187.24,188.22 1 0
github.com/mfridman/tparse/parse/packages.go:192.3,193.11 2 0
github.com/mfridman/tparse/parse/packages.go:197.3,197.11 1 0
github.com/mfridman/tparse/parse/packages.go:207.3,207.20 1 0
github.com/mfridman/tparse/parse/packages.go:211.3,211.25 1 0
github.com/mfridman/tparse/parse/packages.go:238.3,238.39 1 0
github.com/mfridman/tparse/parse/packages.go:188.22,189.12 1 0
github.com/mfridman/tparse/parse/packages.go:193.11,196.4 2 0
github.com/mfridman/tparse/parse/packages.go:197.11,201.43 2 0
github.com/mfridman/tparse/parse/packages.go:205.4,205.32 1 0
github.com/mfridman/tparse/parse/packages.go:201.43,203.5 1 0
github.com/mfridman/tparse/parse/packages.go:207.20,208.12 1 0
github.com/mfridman/tparse/parse/packages.go:211.25,216.80 4 0
github.com/mfridman/tparse/parse/packages.go:228.4,233.6 1 0
github.com/mfridman/tparse/parse/packages.go:216.80,220.30 4 0
github.com/mfridman/tparse/parse/packages.go:220.30,222.28 2 0
github.com/mfridman/tparse/parse/packages.go:222.28,224.7 1 0
github.com/mfridman/tparse/parse/packages.go:241.24,243.3 1 0
github.com/mfridman/tparse/parse/start.go:24.45,34.16 6 14
github.com/mfridman/tparse/parse/start.go:109.2,109.33 1 12
github.com/mfridman/tparse/parse/start.go:112.2,112.11 1 12
github.com/mfridman/tparse/parse/start.go:116.2,116.18 1 12
github.com/mfridman/tparse/parse/start.go:34.16,38.17 2 3108
github.com/mfridman/tparse/parse/start.go:50.3,53.10 3 3002
github.com/mfridman/tparse/parse/start.go:58.3,58.18 1 3004
github.com/mfridman/tparse/parse/start.go:64.3,64.19 1 3001
github.com/mfridman/tparse/parse/start.go:69.3,69.19 1 2911
github.com/mfridman/tparse/parse/start.go:73.3,73.22 1 2911
github.com/mfridman/tparse/parse/start.go:80.3,80.22 1 2911
github.com/mfridman/tparse/parse/start.go:85.3,85.23 1 2911
github.com/mfridman/tparse/parse/start.go:93.3,93.19 1 2910
github.com/mfridman/tparse/parse/start.go:98.3,99.9 2 2900
github.com/mfridman/tparse/parse/start.go:104.3,104.19 1 2887
github.com/mfridman/tparse/parse/start.go:38.17,40.29 2 107
github.com/mfridman/tparse/parse/start.go:48.4,48.12 1 105
github.com/mfridman/tparse/parse/start.go:40.29,41.23 1 2
github.com/mfridman/tparse/parse/start.go:42.28,43.33 1 2
github.com/mfridman/tparse/parse/start.go:44.13,45.21 1 0
github.com/mfridman/tparse/parse/start.go:53.10,56.4 2 26
github.com/mfridman/tparse/parse/start.go:58.18,63.4 4 5
github.com/mfridman/tparse/parse/start.go:64.19,66.12 2 90
github.com/mfridman/tparse/parse/start.go:69.19,71.4 1 0
github.com/mfridman/tparse/parse/start.go:73.22,79.4 3 6
github.com/mfridman/tparse/parse/start.go:80.22,83.4 1 0
github.com/mfridman/tparse/parse/start.go:85.23,91.4 3 0
github.com/mfridman/tparse/parse/start.go:93.19,95.12 2 11
github.com/mfridman/tparse/parse/start.go:99.9,102.4 2 0
github.com/mfridman/tparse/parse/start.go:104.19,106.4 1 2124
github.com/mfridman/tparse/parse/start.go:109.33,111.3 1 0
github.com/mfridman/tparse/parse/start.go:112.11,114.3 1 0
github.com/mfridman/tparse/parse/start.go:126.38,127.11 1 0
github.com/mfridman/tparse/parse/start.go:130.2,133.16 3 0
github.com/mfridman/tparse/parse/start.go:143.2,143.33 1 0
github.com/mfridman/tparse/parse/start.go:127.11,129.3 1 0
github.com/mfridman/tparse/parse/start.go:133.16,135.17 2 0
github.com/mfridman/tparse/parse/start.go:140.3,140.26 1 0
github.com/mfridman/tparse/parse/start.go:135.17,138.12 2 0
github.com/mfridman/tparse/parse/start.go:143.33,145.3 1 0
github.com/mfridman/tparse/parse/test.go:20.34,22.29 2 0
github.com/mfridman/tparse/parse/test.go:28.2,28.10 1 0
github.com/mfridman/tparse/parse/test.go:22.29,23.20 1 0
github.com/mfridman/tparse/parse/test.go:23.20,25.4 1 0
github.com/mfridman/tparse/parse/test.go:32.32,39.42 2 1643
github.com/mfridman/tparse/parse/test.go:50.2,50.19 1 0
github.com/mfridman/tparse/parse/test.go:39.42,40.29 1 1643
github.com/mfridman/tparse/parse/test.go:41.19,42.21 1 1629
github.com/mfridman/tparse/parse/test.go:43.19,44.21 1 9
github.com/mfridman/tparse/parse/test.go:45.19,46.21 1 5
github.com/mfridman/tparse/parse/test.go:54.31,71.29 5 4
github.com/mfridman/tparse/parse/test.go:101.2,101.23 1 4
github.com/mfridman/tparse/parse/test.go:71.29,73.31 1 19
github.com/mfridman/tparse/parse/test.go:77.3,77.11 1 9
github.com/mfridman/tparse/parse/test.go:83.3,83.92 1 4
github.com/mfridman/tparse/parse/test.go:89.3,89.21 1 4
github.com/mfridman/tparse/parse/test.go:73.31,74.12 1 10
github.com/mfridman/tparse/parse/test.go:77.11,79.12 2 5
github.com/mfridman/tparse/parse/test.go:83.92,86.12 3 0
github.com/mfridman/tparse/parse/test.go:89.21,90.41 1 16
github.com/mfridman/tparse/parse/test.go:90.41,92.15 2 4
github.com/mfridman/tparse/parse/test.go:92.15,94.6 1 0
github.com/mfridman/tparse/parse/test.go:94.11,96.6 1 4
github.com/mfridman/tparse/parse/test.go:105.29,106.43 1 1647
github.com/mfridman/tparse/parse/test.go:106.43,108.3 1 3487
